[2025-10-10T18:06:59.860+0000] {manager.py:483} INFO - Processing files using up to 2 processes at a time 
[2025-10-10T18:06:59.860+0000] {manager.py:484} INFO - Process each file at most once every 30 seconds
[2025-10-10T18:06:59.861+0000] {manager.py:485} INFO - Checking for new files in /opt/airflow/dags every 300 seconds
[2025-10-10T18:06:59.861+0000] {manager.py:821} INFO - Searching for files in /opt/airflow/dags
[2025-10-10T18:06:59.863+0000] {manager.py:824} INFO - There are 1 files in /opt/airflow/dags
[2025-10-10T18:07:00.083+0000] {manager.py:997} INFO - 
================================================================================
DAG File Processing Stats

File Path                         PID  Runtime      # DAGs    # Errors  Last Runtime    Last Run      Last # of DB Queries
------------------------------  -----  ---------  --------  ----------  --------------  ----------  ----------------------
/opt/airflow/dags/spark_dag.py    177  0.02s             0           0                                                   0
================================================================================
[2025-10-10T18:07:30.459+0000] {manager.py:997} INFO - 
================================================================================
DAG File Processing Stats

File Path                         PID  Runtime      # DAGs    # Errors  Last Runtime    Last Run               Last # of DB Queries
------------------------------  -----  ---------  --------  ----------  --------------  -------------------  ----------------------
/opt/airflow/dags/spark_dag.py    182  0.00s             0           1  0.05s           2025-10-10T18:07:00                       3
================================================================================
[2025-10-10T18:08:00.821+0000] {manager.py:997} INFO - 
================================================================================
DAG File Processing Stats

File Path                         PID  Runtime      # DAGs    # Errors  Last Runtime    Last Run               Last # of DB Queries
------------------------------  -----  ---------  --------  ----------  --------------  -------------------  ----------------------
/opt/airflow/dags/spark_dag.py    187  0.00s             0           1  0.05s           2025-10-10T18:07:30                       5
================================================================================
[2025-10-10T18:08:31.169+0000] {manager.py:997} INFO - 
================================================================================
DAG File Processing Stats

File Path                         PID  Runtime      # DAGs    # Errors  Last Runtime    Last Run               Last # of DB Queries
------------------------------  -----  ---------  --------  ----------  --------------  -------------------  ----------------------
/opt/airflow/dags/spark_dag.py    192  0.00s             0           1  0.05s           2025-10-10T18:08:00                       5
================================================================================
[2025-10-10T18:09:01.518+0000] {manager.py:997} INFO - 
================================================================================
DAG File Processing Stats

File Path                       PID    Runtime      # DAGs    # Errors  Last Runtime    Last Run               Last # of DB Queries
------------------------------  -----  ---------  --------  ----------  --------------  -------------------  ----------------------
/opt/airflow/dags/spark_dag.py                           0           1  0.04s           2025-10-10T18:08:46                       5
================================================================================
[2025-10-10T18:09:31.912+0000] {manager.py:997} INFO - 
================================================================================
DAG File Processing Stats

File Path                       PID    Runtime      # DAGs    # Errors  Last Runtime    Last Run               Last # of DB Queries
------------------------------  -----  ---------  --------  ----------  --------------  -------------------  ----------------------
/opt/airflow/dags/spark_dag.py                           0           1  0.05s           2025-10-10T18:09:16                       5
================================================================================
[2025-10-10T18:10:02.302+0000] {manager.py:997} INFO - 
================================================================================
DAG File Processing Stats

File Path                       PID    Runtime      # DAGs    # Errors  Last Runtime    Last Run               Last # of DB Queries
------------------------------  -----  ---------  --------  ----------  --------------  -------------------  ----------------------
/opt/airflow/dags/spark_dag.py                           0           1  0.05s           2025-10-10T18:09:52                       5
================================================================================
[2025-10-10T18:10:20.218+0000] {manager.py:465} INFO - Exiting gracefully upon receiving signal 15
[2025-10-10T18:10:33.426+0000] {manager.py:483} INFO - Processing files using up to 2 processes at a time 
[2025-10-10T18:10:33.427+0000] {manager.py:484} INFO - Process each file at most once every 30 seconds
[2025-10-10T18:10:33.427+0000] {manager.py:485} INFO - Checking for new files in /opt/airflow/dags every 300 seconds
[2025-10-10T18:10:33.427+0000] {manager.py:821} INFO - Searching for files in /opt/airflow/dags
[2025-10-10T18:10:33.430+0000] {manager.py:824} INFO - There are 1 files in /opt/airflow/dags
[2025-10-10T18:10:33.463+0000] {manager.py:997} INFO - 
================================================================================
DAG File Processing Stats

File Path                         PID  Runtime      # DAGs    # Errors  Last Runtime    Last Run      Last # of DB Queries
------------------------------  -----  ---------  --------  ----------  --------------  ----------  ----------------------
/opt/airflow/dags/spark_dag.py    177  0.01s             0           0                                                   0
================================================================================
[2025-10-10T18:11:03.759+0000] {manager.py:997} INFO - 
================================================================================
DAG File Processing Stats

File Path                       PID    Runtime      # DAGs    # Errors  Last Runtime    Last Run               Last # of DB Queries
------------------------------  -----  ---------  --------  ----------  --------------  -------------------  ----------------------
/opt/airflow/dags/spark_dag.py                           0           1  0.04s           2025-10-10T18:11:02                       5
================================================================================
[2025-10-10T18:11:18.187+0000] {manager.py:465} INFO - Exiting gracefully upon receiving signal 15
[2025-10-10T18:11:29.830+0000] {manager.py:483} INFO - Processing files using up to 2 processes at a time 
[2025-10-10T18:11:29.835+0000] {manager.py:484} INFO - Process each file at most once every 30 seconds
[2025-10-10T18:11:29.835+0000] {manager.py:485} INFO - Checking for new files in /opt/airflow/dags every 300 seconds
[2025-10-10T18:11:29.835+0000] {manager.py:821} INFO - Searching for files in /opt/airflow/dags
[2025-10-10T18:11:29.837+0000] {manager.py:824} INFO - There are 1 files in /opt/airflow/dags
[2025-10-10T18:11:29.906+0000] {manager.py:997} INFO - 
================================================================================
DAG File Processing Stats

File Path                         PID  Runtime      # DAGs    # Errors  Last Runtime    Last Run      Last # of DB Queries
------------------------------  -----  ---------  --------  ----------  --------------  ----------  ----------------------
/opt/airflow/dags/spark_dag.py    178  0.01s             0           0                                                   0
================================================================================
[2025-10-10T18:12:00.139+0000] {manager.py:997} INFO - 
================================================================================
DAG File Processing Stats

File Path                         PID  Runtime      # DAGs    # Errors  Last Runtime    Last Run               Last # of DB Queries
------------------------------  -----  ---------  --------  ----------  --------------  -------------------  ----------------------
/opt/airflow/dags/spark_dag.py    183  0.00s             0           1  0.04s           2025-10-10T18:11:29                       5
================================================================================
[2025-10-10T18:12:30.432+0000] {manager.py:997} INFO - 
================================================================================
DAG File Processing Stats

File Path                         PID  Runtime      # DAGs    # Errors  Last Runtime    Last Run               Last # of DB Queries
------------------------------  -----  ---------  --------  ----------  --------------  -------------------  ----------------------
/opt/airflow/dags/spark_dag.py    188  0.00s             0           1  0.05s           2025-10-10T18:12:00                       5
================================================================================
[2025-10-10T18:13:00.809+0000] {manager.py:997} INFO - 
================================================================================
DAG File Processing Stats

File Path                         PID  Runtime      # DAGs    # Errors  Last Runtime    Last Run               Last # of DB Queries
------------------------------  -----  ---------  --------  ----------  --------------  -------------------  ----------------------
/opt/airflow/dags/spark_dag.py    193  0.00s             0           1  0.04s           2025-10-10T18:12:30                       5
================================================================================
[2025-10-10T18:13:31.159+0000] {manager.py:997} INFO - 
================================================================================
DAG File Processing Stats

File Path                         PID  Runtime      # DAGs    # Errors  Last Runtime    Last Run               Last # of DB Queries
------------------------------  -----  ---------  --------  ----------  --------------  -------------------  ----------------------
/opt/airflow/dags/spark_dag.py    198  0.00s             0           1  0.05s           2025-10-10T18:13:00                       5
================================================================================
[2025-10-10T18:14:01.525+0000] {manager.py:997} INFO - 
================================================================================
DAG File Processing Stats

File Path                       PID    Runtime      # DAGs    # Errors  Last Runtime    Last Run               Last # of DB Queries
------------------------------  -----  ---------  --------  ----------  --------------  -------------------  ----------------------
/opt/airflow/dags/spark_dag.py                           0           1  0.05s           2025-10-10T18:13:36                       5
================================================================================
[2025-10-10T18:14:14.875+0000] {manager.py:465} INFO - Exiting gracefully upon receiving signal 15
[2025-10-10T18:14:24.112+0000] {manager.py:483} INFO - Processing files using up to 2 processes at a time 
[2025-10-10T18:14:24.112+0000] {manager.py:484} INFO - Process each file at most once every 30 seconds
[2025-10-10T18:14:24.112+0000] {manager.py:485} INFO - Checking for new files in /opt/airflow/dags every 300 seconds
[2025-10-10T18:14:24.113+0000] {manager.py:821} INFO - Searching for files in /opt/airflow/dags
[2025-10-10T18:14:24.115+0000] {manager.py:824} INFO - There are 1 files in /opt/airflow/dags
[2025-10-10T18:14:24.196+0000] {manager.py:997} INFO - 
================================================================================
DAG File Processing Stats

File Path                         PID  Runtime      # DAGs    # Errors  Last Runtime    Last Run      Last # of DB Queries
------------------------------  -----  ---------  --------  ----------  --------------  ----------  ----------------------
/opt/airflow/dags/spark_dag.py    176  0.01s             0           0                                                   0
================================================================================
[2025-10-10T18:14:54.467+0000] {manager.py:997} INFO - 
================================================================================
DAG File Processing Stats

File Path                         PID  Runtime      # DAGs    # Errors  Last Runtime    Last Run               Last # of DB Queries
------------------------------  -----  ---------  --------  ----------  --------------  -------------------  ----------------------
/opt/airflow/dags/spark_dag.py    181  0.00s             0           1  0.04s           2025-10-10T18:14:24                       5
================================================================================
[2025-10-10T18:15:09.919+0000] {manager.py:465} INFO - Exiting gracefully upon receiving signal 15
[2025-10-10T18:18:02.294+0000] {manager.py:483} INFO - Processing files using up to 2 processes at a time 
[2025-10-10T18:18:02.294+0000] {manager.py:484} INFO - Process each file at most once every 30 seconds
[2025-10-10T18:18:02.294+0000] {manager.py:485} INFO - Checking for new files in /opt/airflow/dags every 300 seconds
[2025-10-10T18:18:02.295+0000] {manager.py:821} INFO - Searching for files in /opt/airflow/dags
[2025-10-10T18:18:02.296+0000] {manager.py:824} INFO - There are 1 files in /opt/airflow/dags
[2025-10-10T18:18:02.474+0000] {manager.py:997} INFO - 
================================================================================
DAG File Processing Stats

File Path                         PID  Runtime      # DAGs    # Errors  Last Runtime    Last Run      Last # of DB Queries
------------------------------  -----  ---------  --------  ----------  --------------  ----------  ----------------------
/opt/airflow/dags/spark_dag.py    176  0.01s             0           0                                                   0
================================================================================
[2025-10-10T18:18:32.777+0000] {manager.py:997} INFO - 
================================================================================
DAG File Processing Stats

File Path                         PID  Runtime      # DAGs    # Errors  Last Runtime    Last Run               Last # of DB Queries
------------------------------  -----  ---------  --------  ----------  --------------  -------------------  ----------------------
/opt/airflow/dags/spark_dag.py    181  0.00s             0           1  0.04s           2025-10-10T18:18:02                       5
================================================================================
[2025-10-10T18:19:03.113+0000] {manager.py:997} INFO - 
================================================================================
DAG File Processing Stats

File Path                         PID  Runtime      # DAGs    # Errors  Last Runtime    Last Run               Last # of DB Queries
------------------------------  -----  ---------  --------  ----------  --------------  -------------------  ----------------------
/opt/airflow/dags/spark_dag.py    186  0.00s             0           1  0.04s           2025-10-10T18:18:32                       5
================================================================================
[2025-10-10T18:19:33.421+0000] {manager.py:997} INFO - 
================================================================================
DAG File Processing Stats

File Path                         PID  Runtime      # DAGs    # Errors  Last Runtime    Last Run               Last # of DB Queries
------------------------------  -----  ---------  --------  ----------  --------------  -------------------  ----------------------
/opt/airflow/dags/spark_dag.py    191  0.00s             0           1  0.05s           2025-10-10T18:19:03                       5
================================================================================
[2025-10-10T18:19:48.570+0000] {manager.py:465} INFO - Exiting gracefully upon receiving signal 15
[2025-10-10T18:20:19.719+0000] {manager.py:483} INFO - Processing files using up to 2 processes at a time 
[2025-10-10T18:20:19.720+0000] {manager.py:484} INFO - Process each file at most once every 30 seconds
[2025-10-10T18:20:19.720+0000] {manager.py:485} INFO - Checking for new files in /opt/airflow/dags every 300 seconds
[2025-10-10T18:20:19.721+0000] {manager.py:821} INFO - Searching for files in /opt/airflow/dags
[2025-10-10T18:20:19.723+0000] {manager.py:824} INFO - There are 1 files in /opt/airflow/dags
[2025-10-10T18:20:19.920+0000] {manager.py:997} INFO - 
================================================================================
DAG File Processing Stats

File Path                         PID  Runtime      # DAGs    # Errors  Last Runtime    Last Run      Last # of DB Queries
------------------------------  -----  ---------  --------  ----------  --------------  ----------  ----------------------
/opt/airflow/dags/spark_dag.py    176  0.01s             0           0                                                   0
================================================================================
[2025-10-10T18:20:50.168+0000] {manager.py:997} INFO - 
================================================================================
DAG File Processing Stats

File Path                         PID  Runtime      # DAGs    # Errors  Last Runtime    Last Run               Last # of DB Queries
------------------------------  -----  ---------  --------  ----------  --------------  -------------------  ----------------------
/opt/airflow/dags/spark_dag.py    181  0.00s             0           1  0.06s           2025-10-10T18:20:19                       5
================================================================================
[2025-10-10T18:21:20.541+0000] {manager.py:997} INFO - 
================================================================================
DAG File Processing Stats

File Path                         PID  Runtime      # DAGs    # Errors  Last Runtime    Last Run               Last # of DB Queries
------------------------------  -----  ---------  --------  ----------  --------------  -------------------  ----------------------
/opt/airflow/dags/spark_dag.py    186  0.00s             0           1  0.05s           2025-10-10T18:20:50                       5
================================================================================
[2025-10-10T18:21:50.900+0000] {manager.py:997} INFO - 
================================================================================
DAG File Processing Stats

File Path                         PID  Runtime      # DAGs    # Errors  Last Runtime    Last Run               Last # of DB Queries
------------------------------  -----  ---------  --------  ----------  --------------  -------------------  ----------------------
/opt/airflow/dags/spark_dag.py    191  0.00s             0           1  0.05s           2025-10-10T18:21:20                       5
================================================================================
[2025-10-10T18:22:21.232+0000] {manager.py:997} INFO - 
================================================================================
DAG File Processing Stats

File Path                         PID  Runtime      # DAGs    # Errors  Last Runtime    Last Run               Last # of DB Queries
------------------------------  -----  ---------  --------  ----------  --------------  -------------------  ----------------------
/opt/airflow/dags/spark_dag.py    196  0.00s             0           1  0.05s           2025-10-10T18:21:50                       5
================================================================================
[2025-10-10T18:22:51.573+0000] {manager.py:997} INFO - 
================================================================================
DAG File Processing Stats

File Path                         PID  Runtime      # DAGs    # Errors  Last Runtime    Last Run               Last # of DB Queries
------------------------------  -----  ---------  --------  ----------  --------------  -------------------  ----------------------
/opt/airflow/dags/spark_dag.py    201  0.00s             0           1  0.03s           2025-10-10T18:22:21                       5
================================================================================
[2025-10-10T18:23:21.976+0000] {manager.py:997} INFO - 
================================================================================
DAG File Processing Stats

File Path                       PID    Runtime      # DAGs    # Errors  Last Runtime    Last Run               Last # of DB Queries
------------------------------  -----  ---------  --------  ----------  --------------  -------------------  ----------------------
/opt/airflow/dags/spark_dag.py                           1           0  0.23s           2025-10-10T18:23:11                      45
================================================================================
[2025-10-10T18:23:43.255+0000] {manager.py:465} INFO - Exiting gracefully upon receiving signal 15
[2025-10-10T18:23:54.409+0000] {manager.py:483} INFO - Processing files using up to 2 processes at a time 
[2025-10-10T18:23:54.409+0000] {manager.py:484} INFO - Process each file at most once every 30 seconds
[2025-10-10T18:23:54.410+0000] {manager.py:485} INFO - Checking for new files in /opt/airflow/dags every 300 seconds
[2025-10-10T18:23:54.410+0000] {manager.py:821} INFO - Searching for files in /opt/airflow/dags
[2025-10-10T18:23:54.412+0000] {manager.py:824} INFO - There are 1 files in /opt/airflow/dags
[2025-10-10T18:23:54.497+0000] {manager.py:997} INFO - 
================================================================================
DAG File Processing Stats

File Path                         PID  Runtime      # DAGs    # Errors  Last Runtime    Last Run      Last # of DB Queries
------------------------------  -----  ---------  --------  ----------  --------------  ----------  ----------------------
/opt/airflow/dags/spark_dag.py    176  0.01s             0           0                                                   0
================================================================================
[2025-10-10T18:24:24.777+0000] {manager.py:997} INFO - 
================================================================================
DAG File Processing Stats

File Path                         PID  Runtime      # DAGs    # Errors  Last Runtime    Last Run               Last # of DB Queries
------------------------------  -----  ---------  --------  ----------  --------------  -------------------  ----------------------
/opt/airflow/dags/spark_dag.py    187  0.00s             1           0  0.07s           2025-10-10T18:23:54                      12
================================================================================
[2025-10-10T18:24:55.053+0000] {manager.py:997} INFO - 
================================================================================
DAG File Processing Stats

File Path                       PID    Runtime      # DAGs    # Errors  Last Runtime    Last Run               Last # of DB Queries
------------------------------  -----  ---------  --------  ----------  --------------  -------------------  ----------------------
/opt/airflow/dags/spark_dag.py                           1           0  0.10s           2025-10-10T18:24:35                      12
================================================================================
[2025-10-10T18:25:25.434+0000] {manager.py:997} INFO - 
================================================================================
DAG File Processing Stats

File Path                       PID    Runtime      # DAGs    # Errors  Last Runtime    Last Run               Last # of DB Queries
------------------------------  -----  ---------  --------  ----------  --------------  -------------------  ----------------------
/opt/airflow/dags/spark_dag.py                           1           0  0.08s           2025-10-10T18:25:06                      12
================================================================================
[2025-10-10T18:25:55.811+0000] {manager.py:997} INFO - 
================================================================================
DAG File Processing Stats

File Path                       PID    Runtime      # DAGs    # Errors  Last Runtime    Last Run               Last # of DB Queries
------------------------------  -----  ---------  --------  ----------  --------------  -------------------  ----------------------
/opt/airflow/dags/spark_dag.py                           1           0  0.07s           2025-10-10T18:25:36                      12
================================================================================
[2025-10-10T18:26:26.179+0000] {manager.py:997} INFO - 
================================================================================
DAG File Processing Stats

File Path                       PID    Runtime      # DAGs    # Errors  Last Runtime    Last Run               Last # of DB Queries
------------------------------  -----  ---------  --------  ----------  --------------  -------------------  ----------------------
/opt/airflow/dags/spark_dag.py                           1           0  0.09s           2025-10-10T18:26:07                      12
================================================================================
[2025-10-10T18:26:56.506+0000] {manager.py:997} INFO - 
================================================================================
DAG File Processing Stats

File Path                       PID    Runtime      # DAGs    # Errors  Last Runtime    Last Run               Last # of DB Queries
------------------------------  -----  ---------  --------  ----------  --------------  -------------------  ----------------------
/opt/airflow/dags/spark_dag.py                           1           0  0.07s           2025-10-10T18:26:37                      12
================================================================================
[2025-10-10T18:27:26.875+0000] {manager.py:997} INFO - 
================================================================================
DAG File Processing Stats

File Path                       PID    Runtime      # DAGs    # Errors  Last Runtime    Last Run               Last # of DB Queries
------------------------------  -----  ---------  --------  ----------  --------------  -------------------  ----------------------
/opt/airflow/dags/spark_dag.py                           1           0  0.07s           2025-10-10T18:27:07                      12
================================================================================
[2025-10-10T18:27:57.239+0000] {manager.py:997} INFO - 
================================================================================
DAG File Processing Stats

File Path                       PID    Runtime      # DAGs    # Errors  Last Runtime    Last Run               Last # of DB Queries
------------------------------  -----  ---------  --------  ----------  --------------  -------------------  ----------------------
/opt/airflow/dags/spark_dag.py                           1           0  0.08s           2025-10-10T18:27:38                      12
================================================================================
[2025-10-10T18:28:27.613+0000] {manager.py:997} INFO - 
================================================================================
DAG File Processing Stats

File Path                       PID    Runtime      # DAGs    # Errors  Last Runtime    Last Run               Last # of DB Queries
------------------------------  -----  ---------  --------  ----------  --------------  -------------------  ----------------------
/opt/airflow/dags/spark_dag.py                           1           0  0.07s           2025-10-10T18:28:08                      12
================================================================================
[2025-10-10T18:28:54.877+0000] {manager.py:821} INFO - Searching for files in /opt/airflow/dags
[2025-10-10T18:28:54.881+0000] {manager.py:824} INFO - There are 1 files in /opt/airflow/dags
[2025-10-10T18:28:57.922+0000] {manager.py:997} INFO - 
================================================================================
DAG File Processing Stats

File Path                       PID    Runtime      # DAGs    # Errors  Last Runtime    Last Run               Last # of DB Queries
------------------------------  -----  ---------  --------  ----------  --------------  -------------------  ----------------------
/opt/airflow/dags/spark_dag.py                           1           0  0.08s           2025-10-10T18:28:38                      12
================================================================================
[2025-10-10T18:29:28.192+0000] {manager.py:997} INFO - 
================================================================================
DAG File Processing Stats

File Path                       PID    Runtime      # DAGs    # Errors  Last Runtime    Last Run               Last # of DB Queries
------------------------------  -----  ---------  --------  ----------  --------------  -------------------  ----------------------
/opt/airflow/dags/spark_dag.py                           1           0  0.07s           2025-10-10T18:29:09                      12
================================================================================
[2025-10-10T18:29:58.542+0000] {manager.py:997} INFO - 
================================================================================
DAG File Processing Stats

File Path                       PID    Runtime      # DAGs    # Errors  Last Runtime    Last Run               Last # of DB Queries
------------------------------  -----  ---------  --------  ----------  --------------  -------------------  ----------------------
/opt/airflow/dags/spark_dag.py                           1           0  0.07s           2025-10-10T18:29:39                      12
================================================================================
[2025-10-10T18:30:28.909+0000] {manager.py:997} INFO - 
================================================================================
DAG File Processing Stats

File Path                       PID    Runtime      # DAGs    # Errors  Last Runtime    Last Run               Last # of DB Queries
------------------------------  -----  ---------  --------  ----------  --------------  -------------------  ----------------------
/opt/airflow/dags/spark_dag.py                           1           0  0.08s           2025-10-10T18:30:09                      12
================================================================================
[2025-10-10T18:30:59.379+0000] {manager.py:997} INFO - 
================================================================================
DAG File Processing Stats

File Path                       PID    Runtime      # DAGs    # Errors  Last Runtime    Last Run               Last # of DB Queries
------------------------------  -----  ---------  --------  ----------  --------------  -------------------  ----------------------
/opt/airflow/dags/spark_dag.py                           1           0  0.08s           2025-10-10T18:30:40                      12
================================================================================
[2025-10-10T18:31:29.749+0000] {manager.py:997} INFO - 
================================================================================
DAG File Processing Stats

File Path                       PID    Runtime      # DAGs    # Errors  Last Runtime    Last Run               Last # of DB Queries
------------------------------  -----  ---------  --------  ----------  --------------  -------------------  ----------------------
/opt/airflow/dags/spark_dag.py                           1           0  0.08s           2025-10-10T18:31:10                      12
================================================================================
[2025-10-10T18:32:00.133+0000] {manager.py:997} INFO - 
================================================================================
DAG File Processing Stats

File Path                       PID    Runtime      # DAGs    # Errors  Last Runtime    Last Run               Last # of DB Queries
------------------------------  -----  ---------  --------  ----------  --------------  -------------------  ----------------------
/opt/airflow/dags/spark_dag.py                           1           0  0.08s           2025-10-10T18:31:40                      12
================================================================================
[2025-10-10T18:32:30.480+0000] {manager.py:997} INFO - 
================================================================================
DAG File Processing Stats

File Path                       PID    Runtime      # DAGs    # Errors  Last Runtime    Last Run               Last # of DB Queries
------------------------------  -----  ---------  --------  ----------  --------------  -------------------  ----------------------
/opt/airflow/dags/spark_dag.py                           1           0  0.10s           2025-10-10T18:32:11                      12
================================================================================
[2025-10-10T18:33:00.845+0000] {manager.py:997} INFO - 
================================================================================
DAG File Processing Stats

File Path                       PID    Runtime      # DAGs    # Errors  Last Runtime    Last Run               Last # of DB Queries
------------------------------  -----  ---------  --------  ----------  --------------  -------------------  ----------------------
/opt/airflow/dags/spark_dag.py                           1           0  0.07s           2025-10-10T18:32:41                      12
================================================================================
[2025-10-10T18:33:31.131+0000] {manager.py:997} INFO - 
================================================================================
DAG File Processing Stats

File Path                       PID    Runtime      # DAGs    # Errors  Last Runtime    Last Run               Last # of DB Queries
------------------------------  -----  ---------  --------  ----------  --------------  -------------------  ----------------------
/opt/airflow/dags/spark_dag.py                           1           0  0.08s           2025-10-10T18:33:12                      12
================================================================================
